<?xml version="1.0" encoding="UTF-8"?>
<!-- Generated by org.testng.reporters.JUnitReportReporter -->
<testsuite hostname="DESKTOP-PEVCGOU" failures="0" tests="1" name="LoginPage.TestCases" time="2.980" errors="0" timestamp="2025-07-09T17:08:42 EET" skipped="0">
  <testcase classname="LoginPage.TestCases" name="signup" time="2.980"/>
</testsuite> <!-- LoginPage.TestCases -->
