<?xml version="1.0" encoding="UTF-8"?>
<!-- Generated by org.testng.reporters.JUnitReportReporter -->
<testsuite hostname="DESKTOP-PEVCGOU" failures="0" tests="1" name="LoginPage.TestCases" time="1.190" errors="0" timestamp="2025-07-05T14:30:26 EET" skipped="0">
  <testcase classname="LoginPage.TestCases" name="signup" time="1.190"/>
</testsuite> <!-- LoginPage.TestCases -->
