<?xml version="1.0" encoding="UTF-8"?>
<!-- Generated by org.testng.reporters.JUnitReportReporter -->
<testsuite hostname="DESKTOP-PEVCGOU" failures="0" tests="1" name="LoginPage.TestCases" time="7.380" errors="0" timestamp="2025-07-13T14:40:11 EET" skipped="0">
  <testcase classname="LoginPage.TestCases" name="signup" time="7.380"/>
</testsuite> <!-- LoginPage.TestCases -->
